0 info it worked if it ends with ok
1 verbose cli [ '/usr/local/bin/node', '/usr/local/bin/npm', 'start' ]
2 info using npm@1.4.21
3 info using node@v0.10.30
4 verbose run-script [ 'prestart', 'start', 'poststart' ]
5 info prestart my-website@0.0.0
6 info start my-website@0.0.0
7 verbose unsafe-perm in lifecycle true
8 info my-website@0.0.0 Failed to exec start script
9 error my-website@0.0.0 start: `DEBUG=miac-website nodemon -e js,ls public/app.js`
9 error Exit status 1
10 error Failed at the my-website@0.0.0 start script.
10 error This is most likely a problem with the my-website package,
10 error not with npm itself.
10 error Tell the author that this fails on your system:
10 error     DEBUG=miac-website nodemon -e js,ls public/app.js
10 error You can get their info via:
10 error     npm owner ls my-website
10 error There is likely additional logging output above.
11 error System Linux 3.13.0-48-generic
12 error command "/usr/local/bin/node" "/usr/local/bin/npm" "start"
13 error cwd /home/william/private_website
14 error node -v v0.10.30
15 error npm -v 1.4.21
16 error code ELIFECYCLE
17 verbose exit [ 1, true ]
